<?xml version="1.0" encoding="UTF-8"?>
<!-- Generated by org.testng.reporters.JUnitReportReporter -->
<testsuite hostname="DESKTOP-ROILG6T" failures="0" tests="3" name="com.testing.asign2.Assign2" time="256.058" errors="0" timestamp="2023-08-17T19:05:12 IST" skipped="0">
  <testcase classname="com.testing.asign2.Assign2" name="empadd" time="59.621"/>
  <testcase classname="com.testing.asign2.Assign2" name="f" time="81.461"/>
  <testcase classname="com.testing.asign2.Assign2" name="logout" time="114.976"/>
</testsuite> <!-- com.testing.asign2.Assign2 -->
