<?xml version="1.0" encoding="UTF-8"?>
<!-- Generated by org.testng.reporters.JUnitReportReporter -->
<testsuite hostname="DESKTOP-ROILG6T" failures="0" tests="1" name="com.testing.Techlistic" time="39.848" errors="0" timestamp="2023-08-16T19:17:47 IST" skipped="0">
  <testcase classname="com.testing.Techlistic" name="f" time="39.848"/>
</testsuite> <!-- com.testing.Techlistic -->
