<?xml version="1.0" encoding="UTF-8"?>
<!-- Generated by org.testng.reporters.JUnitReportReporter -->
<testsuite hostname="DESKTOP-ROILG6T" failures="0" tests="1" name="com.testing.selenium.data_from_properies.NewTest" time="0.018" errors="0" timestamp="2023-08-23T10:07:24 IST" skipped="0">
  <testcase classname="com.testing.selenium.data_from_properies.NewTest" name="f" time="0.018"/>
</testsuite> <!-- com.testing.selenium.data_from_properies.NewTest -->
