<?xml version="1.0" encoding="UTF-8"?>
<!-- Generated by org.testng.reporters.JUnitReportReporter -->
<testsuite hostname="DESKTOP-ROILG6T" failures="0" tests="5" name="SeleniumPOM.capstone.testcases.NewTest" time="5.281" errors="0" timestamp="2023-09-01T16:17:47 IST" skipped="0">
  <testcase classname="SeleniumPOM.capstone.testcases.NewTest" name="searchProduct" time="1.087"/>
  <testcase classname="SeleniumPOM.capstone.testcases.NewTest" name="addToCart" time="1.048"/>
  <testcase classname="SeleniumPOM.capstone.testcases.NewTest" name="filterAndVerify" time="1.054"/>
  <testcase classname="SeleniumPOM.capstone.testcases.NewTest" name="comparePrice" time="1.048"/>
  <testcase classname="SeleniumPOM.capstone.testcases.NewTest" name="removeProductFromCart" time="1.044"/>
</testsuite> <!-- SeleniumPOM.capstone.testcases.NewTest -->
