<?xml version="1.0" encoding="UTF-8"?>
<!-- Generated by org.testng.reporters.JUnitReportReporter -->
<testsuite hostname="DESKTOP-ROILG6T" failures="0" tests="1" name="com.testing.RestAssured.GetListUser" time="0.230" errors="0" timestamp="2023-08-11T10:05:50 IST" skipped="0">
  <testcase classname="com.testing.RestAssured.GetListUser" name="getList" time="0.230"/>
</testsuite> <!-- com.testing.RestAssured.GetListUser -->
