<?xml version="1.0" encoding="UTF-8"?>
<!-- Generated by org.testng.reporters.JUnitReportReporter -->
<testsuite hostname="DESKTOP-ROILG6T" failures="0" tests="6" name="com.testing.RestAssured.AllTest" time="3.046" errors="0" timestamp="2023-08-11T10:05:50 IST" skipped="0">
  <testcase classname="com.testing.RestAssured.AllTest" name="getListTest" time="0.213"/>
  <testcase classname="com.testing.RestAssured.AllTest" name="getListBDDTest" time="0.554"/>
  <testcase classname="com.testing.RestAssured.AllTest" name="delUserTest" time="0.558"/>
  <testcase classname="com.testing.RestAssured.AllTest" name="fTest" time="0.614"/>
  <testcase classname="com.testing.RestAssured.AllTest" name="postUserTest" time="0.537"/>
  <testcase classname="com.testing.RestAssured.AllTest" name="patchupdTest" time="0.570"/>
</testsuite> <!-- com.testing.RestAssured.AllTest -->
