<?xml version="1.0" encoding="UTF-8"?>
<!-- Generated by org.testng.reporters.JUnitReportReporter -->
<testsuite hostname="DESKTOP-ROILG6T" failures="0" tests="1" name="com.testing.RestAssured.PatchUpdate" time="0.507" errors="0" timestamp="2023-08-11T10:05:50 IST" skipped="0">
  <testcase classname="com.testing.RestAssured.PatchUpdate" name="patchupd" time="0.507"/>
</testsuite> <!-- com.testing.RestAssured.PatchUpdate -->
