<?xml version="1.0" encoding="UTF-8"?>
<!-- Generated by org.testng.reporters.JUnitReportReporter -->
<testsuite hostname="DESKTOP-ROILG6T" failures="0" tests="1" name="com.example.docker.SpringBootCiCd25Aug1ApplicationTests" time="2.065" errors="0" timestamp="2023-08-25T14:09:53 IST" skipped="0">
  <testcase classname="com.example.docker.SpringBootCiCd25Aug1ApplicationTests" name="contextLoads" time="2.065"/>
  <system-out/>
</testsuite> <!-- com.example.docker.SpringBootCiCd25Aug1ApplicationTests -->
