<?xml version="1.0" encoding="UTF-8"?>
<!-- Generated by org.testng.reporters.JUnitReportReporter -->
<testsuite hostname="DESKTOP-ROILG6T" failures="0" tests="1" name="SeleniumPOM.Assign.PageObjectModel.RegisterTest" time="9.230" errors="0" timestamp="2023-08-20T19:03:42 IST" skipped="0">
  <testcase classname="SeleniumPOM.Assign.PageObjectModel.RegisterTest" name="verifyRegister" time="9.230"/>
</testsuite> <!-- SeleniumPOM.Assign.PageObjectModel.RegisterTest -->
