<?xml version="1.0" encoding="UTF-8"?>
<!-- Generated by org.testng.reporters.JUnitReportReporter -->
<testsuite hostname="DESKTOP-ROILG6T" failures="0" tests="13" name="SeleniumPOM.Assign.PageObjectModel.FacebookTest" time="154.709" errors="0" timestamp="2023-08-23T15:51:32 IST" skipped="0">
  <testcase classname="SeleniumPOM.Assign.PageObjectModel.FacebookTest" name="forgetTest" time="9.306"/>
  <testcase classname="SeleniumPOM.Assign.PageObjectModel.FacebookTest" name="forgetTest" time="9.621"/>
  <testcase classname="SeleniumPOM.Assign.PageObjectModel.FacebookTest" name="loginTest" time="7.143"/>
  <testcase classname="SeleniumPOM.Assign.PageObjectModel.FacebookTest" name="loginTest" time="7.034"/>
  <testcase classname="SeleniumPOM.Assign.PageObjectModel.FacebookTest" name="verifyRegister" time="13.446"/>
  <testcase classname="SeleniumPOM.Assign.PageObjectModel.FacebookTest" name="verifyRegister" time="13.917"/>
  <testcase classname="SeleniumPOM.Assign.PageObjectModel.FacebookTest" name="verifyRegister" time="13.448"/>
  <testcase classname="SeleniumPOM.Assign.PageObjectModel.FacebookTest" name="verifyRegister" time="13.711"/>
  <testcase classname="SeleniumPOM.Assign.PageObjectModel.FacebookTest" name="verifyRegister" time="13.384"/>
  <testcase classname="SeleniumPOM.Assign.PageObjectModel.FacebookTest" name="verifyRegister" time="13.424"/>
  <testcase classname="SeleniumPOM.Assign.PageObjectModel.FacebookTest" name="verifyRegister" time="13.375"/>
  <testcase classname="SeleniumPOM.Assign.PageObjectModel.FacebookTest" name="verifyRegister" time="13.459"/>
  <testcase classname="SeleniumPOM.Assign.PageObjectModel.FacebookTest" name="verifyRegister" time="13.441"/>
</testsuite> <!-- SeleniumPOM.Assign.PageObjectModel.FacebookTest -->
