<?xml version="1.0" encoding="UTF-8"?>
<!-- Generated by org.testng.reporters.JUnitReportReporter -->
<testsuite hostname="DESKTOP-ROILG6T" failures="0" tests="1" name="com.testing.RestAssured.PostUserBDD" time="2.537" errors="0" timestamp="2023-08-14T10:28:05 IST" skipped="0">
  <testcase classname="com.testing.RestAssured.PostUserBDD" name="postUser" time="2.537"/>
</testsuite> <!-- com.testing.RestAssured.PostUserBDD -->
