<?xml version="1.0" encoding="UTF-8"?>
<!-- Generated by org.testng.reporters.JUnitReportReporter -->
<testsuite hostname="DESKTOP-ROILG6T" failures="0" tests="6" name="com.testing.RestAssured.AllTest" time="3.062" errors="0" timestamp="2023-08-11T15:21:12 IST" skipped="0">
  <testcase classname="com.testing.RestAssured.AllTest" name="postUserTest" time="0.542"/>
  <testcase classname="com.testing.RestAssured.AllTest" name="delUserTest" time="0.568"/>
  <testcase classname="com.testing.RestAssured.AllTest" name="getListBDDTest" time="0.549"/>
  <testcase classname="com.testing.RestAssured.AllTest" name="fTest" time="0.636"/>
  <testcase classname="com.testing.RestAssured.AllTest" name="getListTest" time="0.248"/>
  <testcase classname="com.testing.RestAssured.AllTest" name="patchupdTest" time="0.519"/>
</testsuite> <!-- com.testing.RestAssured.AllTest -->
