<?xml version="1.0" encoding="UTF-8"?>
<!-- Generated by org.testng.reporters.JUnitReportReporter -->
<testsuite hostname="DESKTOP-ROILG6T" failures="0" tests="6" name="com.testing.RestAssured.AllTest" time="2.720" errors="0" timestamp="2023-08-14T10:28:05 IST" skipped="0">
  <testcase classname="com.testing.RestAssured.AllTest" name="patchupdTest" time="0.463"/>
  <testcase classname="com.testing.RestAssured.AllTest" name="fTest" time="0.488"/>
  <testcase classname="com.testing.RestAssured.AllTest" name="delUserTest" time="0.518"/>
  <testcase classname="com.testing.RestAssured.AllTest" name="getListBDDTest" time="0.574"/>
  <testcase classname="com.testing.RestAssured.AllTest" name="getListTest" time="0.200"/>
  <testcase classname="com.testing.RestAssured.AllTest" name="postUserTest" time="0.477"/>
</testsuite> <!-- com.testing.RestAssured.AllTest -->
