<?xml version="1.0" encoding="UTF-8"?>
<!-- Generated by org.testng.reporters.JUnitReportReporter -->
<testsuite hostname="DESKTOP-ROILG6T" failures="0" tests="1" name="com.testing.RestAssured.PatchUpdate" time="0.518" errors="0" timestamp="2023-08-14T10:28:05 IST" skipped="0">
  <testcase classname="com.testing.RestAssured.PatchUpdate" name="patchupd" time="0.518"/>
</testsuite> <!-- com.testing.RestAssured.PatchUpdate -->
