<?xml version="1.0" encoding="UTF-8"?>
<!-- Generated by org.testng.reporters.JUnitReportReporter -->
<testsuite hostname="DESKTOP-ROILG6T" failures="0" tests="1" name="com.testing.RestAssured.PutUser" time="0.583" errors="0" timestamp="2023-08-11T15:21:12 IST" skipped="0">
  <testcase classname="com.testing.RestAssured.PutUser" name="f" time="0.583"/>
</testsuite> <!-- com.testing.RestAssured.PutUser -->
