<?xml version="1.0" encoding="UTF-8"?>
<!-- Generated by org.testng.reporters.JUnitReportReporter -->
<testsuite hostname="DESKTOP-ROILG6T" failures="0" tests="1" name="com.example.demo.SpringAug7ApplicationTests" time="1.742" errors="0" timestamp="2023-08-11T16:05:25 IST" skipped="0">
  <testcase classname="com.example.demo.SpringAug7ApplicationTests" name="contextLoads" time="1.742"/>
</testsuite> <!-- com.example.demo.SpringAug7ApplicationTests -->
