<?xml version="1.0" encoding="UTF-8"?>
<!-- Generated by org.testng.reporters.JUnitReportReporter -->
<testsuite hostname="DESKTOP-ROILG6T" failures="0" tests="1" name="com.example.demo.DemoApplicationTests" time="1.495" errors="0" timestamp="2023-08-25T15:44:54 IST" skipped="0">
  <testcase classname="com.example.demo.DemoApplicationTests" name="contextLoads" time="1.495"/>
  <system-out/>
</testsuite> <!-- com.example.demo.DemoApplicationTests -->
